<?xml version="1.0" encoding="UTF-8"?>
<!-- Generated by org.testng.reporters.JUnitReportReporter -->
<testsuite hostname="DESKTOP-F0AMVN3" name="com.GitCheck.TestCase1" tests="1" failures="0" timestamp="4 Mar 2020 18:52:02 GMT" time="44.346" errors="0">
  <testcase name="method1" time="44.346" classname="com.GitCheck.TestCase1"/>
</testsuite> <!-- com.GitCheck.TestCase1 -->
